2025-02-22 23:57:00,656 - INFO - Anonymized telemetry enabled. See                     https://docs.trychroma.com/telemetry for more information.
2025-02-22 23:57:00,992 - INFO - ChromaDB found, but no embeddings exist. Regenerating.
2025-02-22 23:57:00,992 - INFO - No existing embeddings found. Proceeding with generation.
2025-02-22 23:57:00,992 - INFO - Generating new embeddings...
2025-02-22 23:57:15,852 - INFO - Embeddings generated successfully.
2025-02-22 23:57:15,852 - INFO - Initializing ChromaDB at: data/database/
2025-02-22 23:57:15,861 - INFO - Adding new embeddings to ChromaDB...
2025-02-22 23:57:16,356 - INFO - Added 54 documents to ChromaDB.
2025-02-22 23:58:06,558 - INFO - User asked: I want to install solar panels, recommend me some.
2025-02-22 23:58:08,753 - INFO - Context retrieved for question: I want to install solar panels, recommend me some.
2025-02-23 00:05:04,252 - INFO - Model queried successfully for: I want to install solar panels, recommend me some.
2025-02-23 00:05:04,252 - INFO - Generated response: To install solar panels effectively, follow this organized approach:

1. **Understanding Solar Panels:**
   - Solar panels are made up of photovoltaic cells that convert sunlight into electricity.
   - Efficiency factors include irradiance and temperature.

2. **Mounting Systems:**
   - Fixed mounts for flat installation or racking systems for slight tilting to optimize sun exposure throughout the day.
   - Consider both options based on your home's specific needs.

3. **Inverter Selection:**
   - Use inverters that convert DC to AC efficiently, with high-efficiency inverters minimizing energy loss and heat generation.
   - Consider microinverter-based systems for optimal energy output and minimal grid losses.

4. **Efficiency and Technology:**
   - Explore bifacial panels ( capturing light on both sides) or tandem panels (combining silicon and PERC cells) for higher efficiency, balancing cost and performance.

5. **Installation Process:**
   - Check local permits required for solar panel installation.
   - Follow a step-by-step process including proper mounting, system connection, safety checks, and testing.

6. **Financial Considerations:**
   - Assess the payback period based on energy savings versus initial costs.
   - Investigate government incentives such as tax credits or rebates to offset expenses.

7. **Research and Options:**
   - Evaluate different solar panel types (fixed, bifacial, tandem) to find the best fit for budget and energy needs.
   - Track home electricity consumption to determine necessary panel capacity.

8. **Professional Consultation:**
   - Engage installers or electricians for safe and professional installation to avoid potential issues.

By following these steps, you can make an informed decision on installing solar panels, ensuring efficiency, cost-effectiveness, and compliance with local regulations.
